<?xml version="1.0" encoding="UTF-8"?>
<testng-results skipped="0" failed="0" ignored="0" total="1" passed="1">
  <reporter-output>
  </reporter-output>
  <suite name="Surefire suite" duration-ms="5580" started-at="2020-01-14T00:34:42Z" finished-at="2020-01-14T00:34:48Z">
    <groups>
    </groups>
    <test name="Surefire test" duration-ms="5580" started-at="2020-01-14T00:34:42Z" finished-at="2020-01-14T00:34:48Z">
      <class name="com.hellofresh.challenge.tests.Test_1_DataPrep">
        <test-method status="PASS" signature="setUpTestData()[pri:0, instance:com.hellofresh.challenge.tests.Test_1_DataPrep@4f638935]" name="setUpTestData" is-config="true" duration-ms="342" started-at="2020-01-14T00:34:42Z" finished-at="2020-01-14T00:34:43Z">
          <reporter-output>
          </reporter-output>
        </test-method> <!-- setUpTestData -->
        <test-method status="PASS" signature="setUp()[pri:0, instance:com.hellofresh.challenge.tests.Test_1_DataPrep@4f638935]" name="setUp" is-config="true" duration-ms="3690" started-at="2020-01-14T00:34:43Z" finished-at="2020-01-14T00:34:46Z">
          <reporter-output>
          </reporter-output>
        </test-method> <!-- setUp -->
        <test-method status="PASS" signature="validSignInTest()[pri:0, instance:com.hellofresh.challenge.tests.Test_1_DataPrep@4f638935]" name="validSignInTest" duration-ms="681" started-at="2020-01-14T00:34:46Z" description="Valid Sign In Test" finished-at="2020-01-14T00:34:47Z">
          <reporter-output>
          </reporter-output>
        </test-method> <!-- validSignInTest -->
        <test-method status="PASS" signature="cleanUp()[pri:0, instance:com.hellofresh.challenge.tests.Test_1_DataPrep@4f638935]" name="cleanUp" is-config="true" duration-ms="778" started-at="2020-01-14T00:34:47Z" finished-at="2020-01-14T00:34:48Z">
          <reporter-output>
          </reporter-output>
        </test-method> <!-- cleanUp -->
      </class> <!-- com.hellofresh.challenge.tests.Test_1_DataPrep -->
    </test> <!-- Surefire test -->
  </suite> <!-- Surefire suite -->
</testng-results>
