<?xml version="1.0" encoding="UTF-8" ?>
<testsuite tests="3" failures="3" name="com.hellofresh.challenge.WebTest" time="30.382" errors="0" skipped="0">
  <properties>
[...]
</properties>
  <testcase classname="com.hellofresh.challenge.WebTest" name="checkoutTest" time="21.072">
    <failure message="Expected condition failed: waiting for visibility of element located by By.name: processAddress (tried for 10 second(s) with 50 milliseconds interval)" type="org.openqa.selenium.TimeoutException">org.openqa.selenium.TimeoutException: Expected condition failed: waiting for visibility of element located by By.name: processAddress (tried for 10 second(s) with 50 milliseconds interval)
	at org.openqa.selenium.support.ui.WebDriverWait.timeoutException(WebDriverWait.java:81)
	at org.openqa.selenium.support.ui.FluentWait.until(FluentWait.java:271)
	at com.hellofresh.challenge.WebTest.checkoutTest(WebTest.java:117)
Caused by: org.openqa.selenium.NoSuchElementException: Cannot locate an element using By.name: processAddress
For documentation on this error, please visit: http://seleniumhq.org/exceptions/no_such_element.html
Build info: version: &apos;3.11.0&apos;, revision: &apos;e59cfb3&apos;, time: &apos;2018-03-11T20:26:55.152Z&apos;
System info: host: &apos;EVT01757NB&apos;, ip: &apos;192.168.1.37&apos;, os.name: &apos;Windows 10&apos;, os.arch: &apos;amd64&apos;, os.version: &apos;10.0&apos;, java.version: &apos;1.8.0_211&apos;
Driver info: driver.version: unknown
	at org.openqa.selenium.support.ui.ExpectedConditions.lambda$findElement$0(ExpectedConditions.java:896)
	at java.util.Optional.orElseThrow(Optional.java:290)
	at org.openqa.selenium.support.ui.ExpectedConditions.findElement(ExpectedConditions.java:895)
	at org.openqa.selenium.support.ui.ExpectedConditions.access$000(ExpectedConditions.java:44)
	at org.openqa.selenium.support.ui.ExpectedConditions$7.apply(ExpectedConditions.java:206)
	at org.openqa.selenium.support.ui.ExpectedConditions$7.apply(ExpectedConditions.java:202)
	at org.openqa.selenium.support.ui.FluentWait.until(FluentWait.java:248)
	... 35 more
</failure>
    <system-out>Configuring TestNG with: org.apache.maven.surefire.testng.conf.TestNG652Configurator@3b22cdd0
</system-out>
    <system-err>1578696892823	mozrunner::runner	INFO	Running command: &quot;C:\\Program Files (x86)\\Mozilla Firefox\\firefox.exe&quot; &quot;-marionette&quot; &quot;-foreground&quot; &quot;-no-remote&quot; &quot;-profile&quot; &quot;C:\\Users\\Z003D7~1.AD0\\AppData\\Local\\Temp\\rust_mozprofilepqBzlE&quot;
1578696893276	addons.webextension.screenshots@mozilla.org	WARN	Loading extension &apos;screenshots@mozilla.org&apos;: Reading manifest: Invalid extension permission: mozillaAddons
1578696893276	addons.webextension.screenshots@mozilla.org	WARN	Loading extension &apos;screenshots@mozilla.org&apos;: Reading manifest: Invalid extension permission: telemetry
1578696893276	addons.webextension.screenshots@mozilla.org	WARN	Loading extension &apos;screenshots@mozilla.org&apos;: Reading manifest: Invalid extension permission: resource://pdf.js/
1578696893276	addons.webextension.screenshots@mozilla.org	WARN	Loading extension &apos;screenshots@mozilla.org&apos;: Reading manifest: Invalid extension permission: about:reader*
*** UTM:SVC TimerManager:registerTimer - id: xpi-signature-verification
*** AUS:SVC UpdateServiceStub:_migrateUpdateDirectory - Abort: No migration necessary. Nothing to migrate.
*** UTM:SVC TimerManager:registerTimer - id: browser-cleanup-thumbnails
JavaScript error: resource:///modules/sessionstore/SessionStore.jsm, line 1325: uncaught exception: 2147746065
1578696894876	Marionette	INFO	Listening on port 65013
1578696894939	Marionette	WARN	TLS certificate errors will be ignored for this session
Oca 11, 2020 1:54:55 AM org.openqa.selenium.remote.ProtocolHandshake createSession
INFO: Detected dialect: W3C
</system-err>
  </testcase>
  <testcase classname="com.hellofresh.challenge.WebTest" name="logInTest" time="3.071">
    <failure message="expected [AUTHENTICATION] but found [MY ACCOUNT]" type="java.lang.AssertionError">java.lang.AssertionError: expected [AUTHENTICATION] but found [MY ACCOUNT]
	at org.testng.Assert.fail(Assert.java:96)
	at org.testng.Assert.failNotEquals(Assert.java:776)
	at org.testng.Assert.assertEqualsImpl(Assert.java:137)
	at org.testng.Assert.assertEquals(Assert.java:118)
	at org.testng.Assert.assertEquals(Assert.java:453)
	at org.testng.Assert.assertEquals(Assert.java:463)
	at com.hellofresh.challenge.WebTest.logInTest(WebTest.java:95)
</failure>
    <system-err>*** UTM:SVC TimerManager:notify - notified timerID: browser-cleanup-thumbnails
</system-err>
  </testcase>
  <testcase classname="com.hellofresh.challenge.WebTest" name="signInTest" time="6.239">
    <failure message="expected [MY ACCOUNT] but found [SHOPPING-CART SUMMARY
Your shopping cart contains: 1 Product]" type="java.lang.AssertionError">java.lang.AssertionError: expected [MY ACCOUNT] but found [SHOPPING-CART SUMMARY
Your shopping cart contains: 1 Product]
	at org.testng.Assert.fail(Assert.java:96)
	at org.testng.Assert.failNotEquals(Assert.java:776)
	at org.testng.Assert.assertEqualsImpl(Assert.java:137)
	at org.testng.Assert.assertEquals(Assert.java:118)
	at org.testng.Assert.assertEquals(Assert.java:453)
	at org.testng.Assert.assertEquals(Assert.java:463)
	at com.hellofresh.challenge.WebTest.signInTest(WebTest.java:78)
</failure>
  </testcase>
</testsuite>